This is XeTeX, Version 3.1415926-2.4-0.9998 (TeX Live 2012) (format=xelatex 2012.7.11)  30 APR 2013 12:15
entering extended mode
 restricted \write18 enabled.
 %&-line parsing enabled.
**main.tex
(./main.tex
LaTeX2e <2011/06/27>
Babel <v3.8m> and hyphenation patterns for english, dumylang, nohyphenation, ge
rman-x-2012-05-30, ngerman-x-2012-05-30, afrikaans, ancientgreek, ibycus, arabi
c, armenian, basque, bulgarian, catalan, pinyin, coptic, croatian, czech, danis
h, dutch, ukenglish, usenglishmax, esperanto, estonian, ethiopic, farsi, finnis
h, french, friulan, galician, german, ngerman, swissgerman, monogreek, greek, h
ungarian, icelandic, assamese, bengali, gujarati, hindi, kannada, malayalam, ma
rathi, oriya, panjabi, tamil, telugu, indonesian, interlingua, irish, italian, 
kurmanji, latin, latvian, lithuanian, mongolian, mongolianlmc, bokmal, nynorsk,
 polish, portuguese, romanian, romansh, russian, sanskrit, serbian, serbianc, s
lovak, slovenian, spanish, swedish, turkish, turkmen, ukrainian, uppersorbian, 
welsh, loaded.
(./USTCthesis.cls
Document Class: USTCthesis 2011/01/01 USTCthesis document class
(/usr/local/texlive/2012/texmf-dist/tex/latex/ctex/ctexbook.cls
Document Class: ctexbook 2011/03/11 v1.02c ctexbook document class
(/usr/local/texlive/2012/texmf-dist/tex/latex/ctex/opt/ctex-common-opts.def)
(/usr/local/texlive/2012/texmf-dist/tex/latex/ctex/opt/ctex-caption-opts.def
\c@CTEX@sectiondepth=\count80
)
(/usr/local/texlive/2012/texmf-dist/tex/latex/ctex/opt/ctex-class-opts.def)
(/usr/local/texlive/2012/texmf-dist/tex/latex/ctex/def/ctex-loadclass.def
(/usr/local/texlive/2012/texmf-dist/tex/latex/base/book.cls
Document Class: book 2007/10/19 v1.4h Standard LaTeX document class
(/usr/local/texlive/2012/texmf-dist/tex/latex/base/bk12.clo
File: bk12.clo 2007/10/19 v1.4h Standard LaTeX file (size option)
)
\c@part=\count81
\c@chapter=\count82
\c@section=\count83
\c@subsection=\count84
\c@subsubsection=\count85
\c@paragraph=\count86
\c@subparagraph=\count87
\c@figure=\count88
\c@table=\count89
\abovecaptionskip=\skip41
\belowcaptionskip=\skip42
\bibindent=\dimen102
))
(/usr/local/texlive/2012/texmf-dist/tex/latex/ctex/def/ctex-common.def
(/usr/local/texlive/2012/texmf-dist/tex/latex/l3kernel/expl3.sty
(/usr/local/texlive/2012/texmf-dist/tex/latex/l3kernel/l3names.sty
(/usr/local/texlive/2012/texmf-dist/tex/latex/l3kernel/l3bootstrap.sty
Package: l3bootstrap 2011/12/29 v3110 L3 Experimental bootstrap code
)
Package: l3names 2012/03/04 v3494 L3 Experimental namespace for primitives
)
(/usr/local/texlive/2012/texmf-dist/tex/latex/etex-pkg/etex.sty
Package: etex 1998/03/26 v2.0 eTeX basic definition package (PEB)
\et@xins=\count90
)
Package: expl3 2012/04/23 v3570 L3 Experimental code bundle wrapper

(/usr/local/texlive/2012/texmf-dist/tex/latex/graphics/color.sty
Package: color 2005/11/14 v1.0j Standard LaTeX Color (DPC)

(/usr/local/texlive/2012/texmf-dist/tex/latex/latexconfig/color.cfg
File: color.cfg 2007/01/18 v1.5 color configuration of teTeX/TeXLive
)
Package color Info: Driver file: xetex.def on input line 130.

(/usr/local/texlive/2012/texmf-dist/tex/xelatex/xetex-def/xetex.def
File: xetex.def 2009/11/22 v0.94 LaTeX color/graphics driver for XeTeX (RRM/JK)

))
(/usr/local/texlive/2012/texmf-dist/tex/latex/graphics/graphics.sty
Package: graphics 2009/02/05 v1.0o Standard LaTeX Graphics (DPC,SPQR)

(/usr/local/texlive/2012/texmf-dist/tex/latex/graphics/trig.sty
Package: trig 1999/03/16 v1.09 sin cos tan (DPC)
)
(/usr/local/texlive/2012/texmf-dist/tex/latex/latexconfig/graphics.cfg
File: graphics.cfg 2010/04/23 v1.9 graphics configuration of TeX Live
)
Package graphics Info: Driver file: xetex.def on input line 91.
)
(/usr/local/texlive/2012/texmf-dist/tex/latex/l3kernel/l3basics.sty
Package: l3basics 2012/03/04 v3491 L3 Experimental basic definitions
)
(/usr/local/texlive/2012/texmf-dist/tex/latex/l3kernel/l3expan.sty
Package: l3expan 2012/02/26 v3460 L3 Experimental argument expansion
)
(/usr/local/texlive/2012/texmf-dist/tex/latex/l3kernel/l3tl.sty
Package: l3tl 2012/03/04 v3490 L3 Experimental token lists
)
(/usr/local/texlive/2012/texmf-dist/tex/latex/l3kernel/l3seq.sty
Package: l3seq 2012/03/04 v3490 L3 Experimental sequences and stacks
)
(/usr/local/texlive/2012/texmf-dist/tex/latex/l3kernel/l3int.sty
Package: l3int 2012/03/04 v3490 L3 Experimental integers
\c_max_int=\count91
\l_tmpa_int=\count92
\l_tmpb_int=\count93
\l_tmpc_int=\count94
\g_tmpa_int=\count95
\g_tmpb_int=\count96
)
(/usr/local/texlive/2012/texmf-dist/tex/latex/l3kernel/l3quark.sty
Package: l3quark 2012/02/12 v3384 L3 Experimental quarks
)
(/usr/local/texlive/2012/texmf-dist/tex/latex/l3kernel/l3prg.sty
Package: l3prg 2012/03/04 v3490 L3 Experimental control structures
\g_prg_map_int=\count97
)
(/usr/local/texlive/2012/texmf-dist/tex/latex/l3kernel/l3clist.sty
Package: l3clist 2012/03/04 v3490 L3 Experimental comma separated lists
)
(/usr/local/texlive/2012/texmf-dist/tex/latex/l3kernel/l3token.sty
Package: l3token 2012/03/04 v3491 L3 Experimental token manipulation
)
(/usr/local/texlive/2012/texmf-dist/tex/latex/l3kernel/l3prop.sty
Package: l3prop 2012/03/04 v3490 L3 Experimental property lists
)
(/usr/local/texlive/2012/texmf-dist/tex/latex/l3kernel/l3msg.sty
Package: l3msg 2012/04/23 v3568 L3 Experimental messages
)
(/usr/local/texlive/2012/texmf-dist/tex/latex/l3kernel/l3file.sty
Package: l3file 2012/03/09 v3520 L3 Experimental file and I/O operations
\l_iow_stream_int=\count98
\l_iow_line_length_int=\count99
\l_iow_target_length_int=\count100
\l_iow_current_line_int=\count101
\l_iow_current_word_int=\count102
\l_iow_current_indentation_int=\count103
)
(/usr/local/texlive/2012/texmf-dist/tex/latex/l3kernel/l3skip.sty
Package: l3skip 2012/03/05 v3499 L3 Experimental dimensions and skips
\l_tmpa_dim=\dimen103
\l_tmpb_dim=\dimen104
\l_tmpc_dim=\dimen105
\g_tmpa_dim=\dimen106
\g_tmpb_dim=\dimen107
\l_tmpa_skip=\skip43
\l_tmpb_skip=\skip44
\l_tmpc_skip=\skip45
\g_tmpa_skip=\skip46
\g_tmpb_skip=\skip47
)
(/usr/local/texlive/2012/texmf-dist/tex/latex/l3kernel/l3keys.sty
Package: l3keys 2012/03/03 v3487 L3 Experimental key-value interfaces
\g_keyval_level_int=\count104
\l_keys_choice_int=\count105
)
(/usr/local/texlive/2012/texmf-dist/tex/latex/l3kernel/l3fp.sty
Package: l3fp 2012/03/04 v3490 L3 Experimental floating-point operations
\c_one_hundred_million=\count106
\c_five_hundred_million=\count107
\c_one_thousand_million=\count108
\c_fp_pi_by_four_decimal_int=\count109
\c_fp_pi_by_four_extended_int=\count110
\c_fp_pi_decimal_int=\count111
\c_fp_pi_extended_int=\count112
\c_fp_two_pi_decimal_int=\count113
\c_fp_two_pi_extended_int=\count114
\l_fp_count_int=\count115
\l_fp_div_offset_int=\count116
\l_fp_exp_integer_int=\count117
\l_fp_exp_decimal_int=\count118
\l_fp_exp_extended_int=\count119
\l_fp_exp_exponent_int=\count120
\l_fp_input_a_sign_int=\count121
\l_fp_input_a_integer_int=\count122
\l_fp_input_a_decimal_int=\count123
\l_fp_input_a_exponent_int=\count124
\l_fp_input_b_sign_int=\count125
\l_fp_input_b_integer_int=\count126
\l_fp_input_b_decimal_int=\count127
\l_fp_input_b_exponent_int=\count128
\l_fp_input_a_extended_int=\count129
\l_fp_input_b_extended_int=\count130
\l_fp_mul_a_i_int=\count131
\l_fp_mul_a_ii_int=\count132
\l_fp_mul_a_iii_int=\count133
\l_fp_mul_a_iv_int=\count134
\l_fp_mul_a_v_int=\count135
\l_fp_mul_a_vi_int=\count136
\l_fp_mul_b_i_int=\count137
\l_fp_mul_b_ii_int=\count138
\l_fp_mul_b_iii_int=\count139
\l_fp_mul_b_iv_int=\count140
\l_fp_mul_b_v_int=\count141
\l_fp_mul_b_vi_int=\count142
\l_fp_mul_output_int=\count143
\l_fp_output_sign_int=\count144
\l_fp_output_integer_int=\count145
\l_fp_output_decimal_int=\count146
\l_fp_output_exponent_int=\count147
\l_fp_output_extended_int=\count148
\l_fp_round_position_int=\count149
\l_fp_round_target_int=\count150
\l_fp_split_sign_int=\count151
\l_fp_internal_int=\count152
\l_fp_trig_octant_int=\count153
\l_fp_trig_sign_int=\count154
\l_fp_trig_decimal_int=\count155
\l_fp_trig_extended_int=\count156
\l_fp_internal_dim=\dimen108
\l_fp_internal_skip=\skip48
)
(/usr/local/texlive/2012/texmf-dist/tex/latex/l3kernel/l3box.sty
Package: l3box 2012/03/04 v3490 L3 Experimental boxes
\l_tmpb_box=\box26
\l_box_top_dim=\dimen109
\l_box_bottom_dim=\dimen110
\l_box_left_dim=\dimen111
\l_box_right_dim=\dimen112
\l_box_top_new_dim=\dimen113
\l_box_bottom_new_dim=\dimen114
\l_box_left_new_dim=\dimen115
\l_box_right_new_dim=\dimen116
\l_box_internal_box=\box27
)
(/usr/local/texlive/2012/texmf-dist/tex/latex/l3kernel/l3coffins.sty
Package: l3coffins 2012/03/03 v3482 L3 Experimental coffin code layer
\l_coffin_internal_box=\box28
\l_coffin_internal_dim=\dimen117
\l_coffin_offset_x_dim=\dimen118
\l_coffin_offset_y_dim=\dimen119
\l_coffin_x_dim=\dimen120
\l_coffin_y_dim=\dimen121
\l_coffin_x_prime_dim=\dimen122
\l_coffin_y_prime_dim=\dimen123
\l_coffin_Depth_dim=\dimen124
\l_coffin_Height_dim=\dimen125
\l_coffin_TotalHeight_dim=\dimen126
\l_coffin_Width_dim=\dimen127
\c_empty_coffin=\box29
\l_coffin_aligned_coffin=\box30
\l_coffin_aligned_internal_coffin=\box31
\l_coffin_bounding_shift_dim=\dimen128
\l_coffin_left_corner_dim=\dimen129
\l_coffin_right_corner_dim=\dimen130
\l_coffin_bottom_corner_dim=\dimen131
\l_coffin_top_corner_dim=\dimen132
\l_coffin_scaled_total_height_dim=\dimen133
\l_coffin_scaled_width_dim=\dimen134
\l_coffin_display_coffin=\box32
\l_coffin_display_coord_coffin=\box33
\l_coffin_display_pole_coffin=\box34
\l_coffin_display_offset_dim=\dimen135
\l_coffin_display_x_dim=\dimen136
\l_coffin_display_y_dim=\dimen137
)
(/usr/local/texlive/2012/texmf-dist/tex/latex/l3kernel/l3color.sty
Package: l3color 2011/09/07 v2776 L3 Experimental colour support
)
(/usr/local/texlive/2012/texmf-dist/tex/latex/l3kernel/l3luatex.sty
Package: l3luatex 2012/02/09 v3355 L3 Experimental LuaTeX-specific functions
\g_cctab_allocate_int=\count157
\g_cctab_stack_int=\count158
))
(/usr/local/texlive/2012/texmf-dist/tex/latex/etoolbox/etoolbox.sty
Package: etoolbox 2011/01/03 v2.1 e-TeX tools for LaTeX
\etb@tempcnta=\count159
)
(/usr/local/texlive/2012/texmf-dist/tex/generic/oberdiek/ifpdf.sty
Package: ifpdf 2011/01/30 v2.3 Provides the ifpdf switch (HO)
Package ifpdf Info: pdfTeX in PDF mode is not detected.
)
(/usr/local/texlive/2012/texmf-dist/tex/generic/ifxetex/ifxetex.sty
Package: ifxetex 2010/09/12 v0.6 Provides ifxetex conditional
)
(/usr/local/texlive/2012/texmf-dist/tex/latex/graphics/keyval.sty
Package: keyval 1999/03/16 v1.13 key=value parser (DPC)
\KV@toks@=\toks14
)
(/usr/local/texlive/2012/texmf-dist/tex/latex/tools/indentfirst.sty
Package: indentfirst 1995/11/23 v1.03 Indent first paragraph (DPC)
)
(/usr/local/texlive/2012/texmf-dist/tex/latex/base/fix-cm.sty
Package: fix-cm 2006/09/13 v1.1m fixes to LaTeX

(/usr/local/texlive/2012/texmf-dist/tex/latex/base/ts1enc.def
File: ts1enc.def 2001/06/05 v3.0e (jk/car/fm) Standard LaTeX file
))
(/usr/local/texlive/2012/texmf-dist/tex/latex/fancyhdr/fancyhdr.sty
\fancy@headwidth=\skip49
\f@ncyO@elh=\skip50
\f@ncyO@erh=\skip51
\f@ncyO@olh=\skip52
\f@ncyO@orh=\skip53
\f@ncyO@elf=\skip54
\f@ncyO@erf=\skip55
\f@ncyO@olf=\skip56
\f@ncyO@orf=\skip57
)
(/usr/local/texlive/2012/texmf-dist/tex/latex/ctex/engine/ctex-xecjk-engine.def
(/usr/local/texlive/2012/texmf-dist/tex/latex/savesym/savesym.sty

LaTeX Warning: You have requested package `savesym',
               but the package provides `savesymbol'.

Package: savesymbol 2003/06/01 v1.1 Saves and restores symbols
) (/usr/local/texlive/2012/texmf-dist/tex/xelatex/xecjk/xeCJK.sty
Package: xeCJK 2012/05/21 v3.0.6 package for typesetting CJK scripts with XeLaT
eX

(/usr/local/texlive/2012/texmf-dist/tex/latex/l3packages/xparse/xparse.sty
Package: xparse 2012/04/23 v3570 L3 Experimental document command parser
\l_xparse_current_arg_int=\count160
\l_xparse_m_args_int=\count161
\l_xparse_mandatory_args_int=\count162
\l_xparse_processor_int=\count163
\l_xparse_v_nesting_int=\count164
)
(/usr/local/texlive/2012/texmf-dist/tex/latex/l3packages/l3keys2e/l3keys2e.sty
Package: l3keys2e 2012/04/23 v3570 LaTeX2e option processing using LaTeX3 keys
)
.................................................
. LaTeX info: "xparse/define-command"
. 
. Defining document command \makexeCJKactive with arg. spec. '' on line 80.
.................................................
.................................................
. LaTeX info: "xparse/define-command"
. 
. Defining document command \makexeCJKinactive with arg. spec. '' on line 81.
.................................................
\xeCJK_HalfLeft_class=\XeTeXintercharclass4
\xeCJK_HalfRight_class=\XeTeXintercharclass5
\xeCJK_NormalSpace_class=\XeTeXintercharclass6
.................................................
. LaTeX info: "xparse/define-command"
. 
. Defining document command \xeCJKDeclareCharClass with arg. spec.
. '>{\TrimSpaces }mm' on line 134.
.................................................
.................................................
. LaTeX info: "xparse/define-command"
. 
. Defining document command \xeCJK_setcharclass_aux:Nn with arg. spec.
. 'm>{\SplitArgument {1}{->}}m' on line 136.
.................................................
.................................................
. LaTeX info: "xparse/define-command"
. 
. Defining document command \xeCJKsetcharclass with arg. spec. 'mmm' on line
. 151.
.................................................
.................................................
. LaTeX info: "xparse/define-command"
. 
. Defining document command \xeCJKResetPunctClass with arg. spec. '' on line
. 190.
.................................................
.................................................
. LaTeX info: "xparse/define-command"
. 
. Defining document command \normalspacedchars with arg. spec. 'm' on line
. 230.
.................................................
\l_xeCJK_ecglue_dim=\dimen138
.................................................
. LaTeX info: "xparse/define-command"
. 
. Defining document command \CJKspace with arg. spec. '' on line 571.
.................................................
.................................................
. LaTeX info: "xparse/define-command"
. 
. Defining document command \CJKnospace with arg. spec. '' on line 576.
.................................................
.................................................
. LaTeX info: "xparse/define-command"
. 
. Defining document command \xeCJKenablechecksingle with arg. spec. '' on line
. 638.
.................................................
.................................................
. LaTeX info: "xparse/define-command"
. 
. Defining document command \xeCJKdisablechecksingle with arg. spec. '' on
. line 647.
.................................................
.................................................
. LaTeX info: "xparse/define-command"
. 
. Defining document command \xeCJKDeclareSubCJKBlock with arg. spec. 'mm' on
. line 800.
.................................................
.................................................
. LaTeX info: "xparse/define-command"
. 
. Defining document command \xeCJKCancelSubCJKBlock with arg. spec. 'm' on
. line 810.
.................................................
.................................................
. LaTeX info: "xparse/define-command"
. 
. Defining document command \xeCJKRestoreSubCJKBlock with arg. spec. 'm' on
. line 818.
.................................................
.................................................
. LaTeX info: "xparse/define-command"
. 
. Defining document command \xeCJKDeclareSubCharClass with arg. spec.
. '>{\TrimSpaces }m>{\TrimSpaces }mm' on line 849.
.................................................
.................................................
. LaTeX info: "xparse/define-command"
. 
. Defining document command \xeCJKallowbreakbetweenpuncts with arg. spec. ''
. on line 954.
.................................................
.................................................
. LaTeX info: "xparse/define-command"
. 
. Defining document command \xeCJKnobreakbetweenpuncts with arg. spec. '' on
. line 956.
.................................................
.................................................
. LaTeX info: "xparse/define-command"
. 
. Defining document command \xeCJKsetwidth with arg. spec. 'mm' on line 1088.
.................................................
.................................................
. LaTeX info: "xparse/define-command"
. 
. Defining document command \xeCJKsetkern with arg. spec. 'mmm' on line 1236.
.................................................
.................................................
. LaTeX info: "xparse/define-command"
. 
. Defining document command \xeCJKenablefallback with arg. spec. '' on line
. 1254.
.................................................
.................................................
. LaTeX info: "xparse/define-command"
. 
. Defining document command \xeCJKdisablefallback with arg. spec. '' on line
. 1262.
.................................................
.................................................
. LaTeX info: "xparse/define-command"
. 
. Defining document command \setCJKfallbackfamilyfont with arg. spec. 'mO{}m'
. on line 1291.
.................................................
.................................................
. LaTeX info: "xparse/define-command"
. 
. Defining document command \CJKfamily with arg. spec. 'm' on line 1765.
.................................................
.................................................
. LaTeX info: "xparse/define-command"
. 
. Defining document command \setCJKfamilyfont with arg. spec. 'mO{}m' on line
. 1780.
.................................................
.................................................
. LaTeX info: "xparse/define-command"
. 
. Defining document command \newCJKfontfamily with arg. spec. 'omO{}m' on line
. 1788.
.................................................
\g_xeCJK_fontspec_int=\count165
.................................................
. LaTeX info: "xparse/define-command"
. 
. Defining document command \CJKfontspec with arg. spec. 'O{}m' on line 1804.
.................................................
.................................................
. LaTeX info: "xparse/define-command"
. 
. Defining document command \defaultCJKfontfeatures with arg. spec. 'm' on
. line 1807.
.................................................
.................................................
. LaTeX info: "xparse/define-command"
. 
. Defining document command \addCJKfontfeatures with arg. spec. 'm' on line
. 1846.
.................................................
.................................................
. LaTeX info: "xparse/define-command"
. 
. Defining document command \setCJKmainfont with arg. spec. 'O{}m' on line
. 1854.
.................................................
.................................................
. LaTeX info: "xparse/define-command"
. 
. Defining document command \setCJKsansfont with arg. spec. 'O{}m' on line
. 1857.
.................................................
.................................................
. LaTeX info: "xparse/define-command"
. 
. Defining document command \setCJKmathfont with arg. spec. 'O{}m' on line
. 1872.
.................................................
.................................................
. LaTeX info: "xparse/define-command"
. 
. Defining document command \xeCJKsetmathcode with arg. spec. 'mmmm' on line
. 1884.
.................................................
\g_xeCJK_exspace_dim=\dimen139
.................................................
. LaTeX info: "xparse/define-command"
. 
. Defining document command \setCJKmonoscale with arg. spec. '' on line 1940.
.................................................
.................................................
. LaTeX info: "xparse/define-command"
. 
. Defining document command \setCJKmonoexspace with arg. spec. '' on line
. 1950.
.................................................
.................................................
. LaTeX info: "xparse/define-command"
. 
. Defining document command \CJKfixedspacing with arg. spec. '' on line 1977.
.................................................
.................................................
. LaTeX info: "xparse/define-command"
. 
. Defining document command \CJKflexiblespacing with arg. spec. '' on line
. 1991.
.................................................
.................................................
. LaTeX info: "xparse/define-command"
. 
. Defining document command \setCJKmonofont with arg. spec. 'st+O{}m' on line
. 2003.
.................................................
(/usr/local/texlive/2012/texmf-dist/tex/latex/fontspec/fontspec.sty
Package: fontspec 2012/05/06 v2.2b Advanced font selection for XeLaTeX/LuaLaTeX

\l_fontspec_script_int=\count166
\l_fontspec_language_int=\count167
\l_fontspec_strnum_int=\count168
\l_fontspec_tmpa_dim=\dimen140
\l_fontspec_tmpb_dim=\dimen141
\l_fontspec_tmpc_dim=\dimen142
Variant \tl_gset:cV already defined; not changing it on line 66
Variant \keys_set_known:nxN already defined; not changing it on line 68

(/usr/local/texlive/2012/texmf-dist/tex/latex/fontspec/fontspec-patches.sty
Package: fontspec-patches 2012/05/06 v2.2b Advanced font selection for XeLaTeX/
LuaLaTeX

(/usr/local/texlive/2012/texmf-dist/tex/latex/base/fixltx2e.sty
Package: fixltx2e 2006/09/13 v1.1m fixes to LaTeX
LaTeX Info: Redefining \em on input line 420.
)
LaTeX Info: Redefining \em on input line 22.
LaTeX Info: Redefining \emph on input line 29.
LaTeX Info: Redefining \- on input line 32.

*************************************************
* LaTeX warning: "xparse/redefine-command"
* 
* Redefining document command \oldstylenums with arg. spec. 'm' on line 107.
*************************************************
.................................................
. LaTeX info: "xparse/define-command"
. 
. Defining document command \liningnums with arg. spec. 'm' on line 111.
.................................................
) (/usr/local/texlive/2012/texmf-dist/tex/latex/fontspec/fontspec-xetex.sty
Package: fontspec-xetex 2012/05/06 v2.2b Advanced font selection for XeLaTeX/Lu
aLaTeX

(/usr/local/texlive/2012/texmf-dist/tex/latex/base/fontenc.sty
Package: fontenc 2005/09/27 v1.99g Standard LaTeX package

(/usr/local/texlive/2012/texmf-dist/tex/latex/euenc/eu1enc.def
File: eu1enc.def 2010/05/27 v0.1h Experimental Unicode font encodings
)
LaTeX Font Info:    Try loading font information for EU1+lmr on input line 100.


(/usr/local/texlive/2012/texmf-dist/tex/latex/euenc/eu1lmr.fd
File: eu1lmr.fd 2009/10/30 v1.6 Font defs for Latin Modern
))
(/usr/local/texlive/2012/texmf-dist/tex/xelatex/xunicode/xunicode.sty
File: xunicode.sty 2011/09/09 v0.981 provides access to latin accents and many 
other characters in Unicode lower plane

(/usr/local/texlive/2012/texmf-dist/tex/latex/tipa/t3enc.def
File: t3enc.def 2001/12/31 T3 encoding
LaTeX Font Info:    Try loading font information for EU1+lmss on input line 357
.

(/usr/local/texlive/2012/texmf-dist/tex/latex/euenc/eu1lmss.fd
File: eu1lmss.fd 2009/10/30 v1.6 Font defs for Latin Modern
))
\tipaTiiicode=\count169
\tipasavetokens=\toks15
\tipachecktokens=\toks16

(/usr/local/texlive/2012/texmf-dist/tex/latex/graphics/graphicx.sty
Package: graphicx 1999/02/16 v1.0f Enhanced LaTeX Graphics (DPC,SPQR)
\Gin@req@height=\dimen143
\Gin@req@width=\dimen144
))
.................................................
. LaTeX info: "xparse/define-command"
. 
. Defining document command \fontspec with arg. spec. 'O{}m' on line 39.
.................................................
.................................................
. LaTeX info: "xparse/define-command"
. 
. Defining document command \setmainfont with arg. spec. 'O{}m' on line 43.
.................................................
.................................................
. LaTeX info: "xparse/define-command"
. 
. Defining document command \setsansfont with arg. spec. 'O{}m' on line 47.
.................................................
.................................................
. LaTeX info: "xparse/define-command"
. 
. Defining document command \setmonofont with arg. spec. 'O{}m' on line 51.
.................................................
.................................................
. LaTeX info: "xparse/define-command"
. 
. Defining document command \setmathrm with arg. spec. 'O{}m' on line 59.
.................................................
.................................................
. LaTeX info: "xparse/define-command"
. 
. Defining document command \setboldmathrm with arg. spec. 'O{}m' on line 62.
.................................................
.................................................
. LaTeX info: "xparse/define-command"
. 
. Defining document command \setmathsf with arg. spec. 'O{}m' on line 65.
.................................................
.................................................
. LaTeX info: "xparse/define-command"
. 
. Defining document command \setmathtt with arg. spec. 'O{}m' on line 68.
.................................................
.................................................
. LaTeX info: "xparse/define-command"
. 
. Defining document command \newfontfamily with arg. spec. 'mO{}m' on line 84.
.................................................
.................................................
. LaTeX info: "xparse/define-command"
. 
. Defining document command \newfontface with arg. spec. 'mO{}m' on line 87.
.................................................
.................................................
. LaTeX info: "xparse/define-command"
. 
. Defining document command \defaultfontfeatures with arg. spec. 'm' on line
. 91.
.................................................
.................................................
. LaTeX info: "xparse/define-command"
. 
. Defining document command \addfontfeatures with arg. spec. 'm' on line 107.
.................................................
.................................................
. LaTeX info: "xparse/define-command"
. 
. Defining document command \newfontfeature with arg. spec. 'mm' on line 118.
.................................................
.................................................
. LaTeX info: "xparse/define-command"
. 
. Defining document command \newAATfeature with arg. spec. 'mmmm' on line 125.
.................................................
.................................................
. LaTeX info: "xparse/define-command"
. 
. Defining document command \newICUfeature with arg. spec. 'mmm' on line 132.
.................................................
.................................................
. LaTeX info: "xparse/define-command"
. 
. Defining document command \aliasfontfeature with arg. spec. 'mm' on line
. 159.
.................................................
.................................................
. LaTeX info: "xparse/define-command"
. 
. Defining document command \aliasfontfeatureoption with arg. spec. 'mmm' on
. line 164.
.................................................
.................................................
. LaTeX info: "xparse/define-command"
. 
. Defining document command \newfontscript with arg. spec. 'mm' on line 169.
.................................................
.................................................
. LaTeX info: "xparse/define-command"
. 
. Defining document command \newfontlanguage with arg. spec. 'mm' on line 192.
.................................................
.................................................
. LaTeX info: "xparse/define-command"
. 
. Defining document command \DeclareFontsExtensions with arg. spec. 'm' on
. line 211.
.................................................
Variant \prop_gput:cnV already defined; not changing it on line 485
Variant \prop_gput:cnx already defined; not changing it on line 486
\l_fontspec_tmp_int=\count170
LaTeX Info: Redefining \itshape on input line 1893.
LaTeX Info: Redefining \slshape on input line 1897.
LaTeX Info: Redefining \scshape on input line 1901.
LaTeX Info: Redefining \upshape on input line 1905.

(/usr/local/texlive/2012/texmf-dist/tex/latex/fontspec/fontspec.cfg)))
.................................................
. LaTeX info: "xparse/define-command"
. 
. Defining document command \xeCJKsetup with arg. spec. 'm' on line 2066.
.................................................
.................................................
. LaTeX info: "xparse/define-command"
. 
. Defining document command \xeCJKsetEmboldenFactor with arg. spec. 'm' on
. line 2068.
.................................................
.................................................
. LaTeX info: "xparse/define-command"
. 
. Defining document command \xeCJKsetSlantFactor with arg. spec. 'm' on line
. 2070.
.................................................
.................................................
. LaTeX info: "xparse/define-command"
. 
. Defining document command \punctstyle with arg. spec. 'm' on line 2071.
.................................................
.................................................
. LaTeX info: "xparse/define-command"
. 
. Defining document command \CJKsetecglue with arg. spec. 'm' on line 2073.
.................................................
\xeCJK_Others_class=\count171
.................................................
. LaTeX info: "xparse/define-command"
. 
. Defining document command \xeCJKcaption with arg. spec. 'om' on line 2164.
.................................................
)
(/usr/local/texlive/2012/texmf-dist/tex/latex/ctex/engine/ctex-cjk-common.def
(/usr/local/texlive/2012/texmf-dist/tex/latex/cjk/texinput/CJKfntef.sty
Package: CJKfntef 2012/05/07 4.8.3

(/usr/local/texlive/2012/texmf-dist/tex/latex/cjk/texinput/CJKulem.sty
Package: CJKulem 2012/05/07 4.8.3

(/usr/local/texlive/2012/texmf-dist/tex/generic/ulem/ulem.sty
\UL@box=\box35
\UL@hyphenbox=\box36
\UL@skip=\skip58
\UL@hook=\toks17
\UL@height=\dimen145
\UL@pe=\count172
\UL@pixel=\dimen146
\ULC@box=\box37
Package: ulem 2012/05/18
\ULdepth=\dimen147
)
\UL@lastkern=\dimen148
\CJK@skip=\skip59
)
\CJK@fntefSkip=\skip60
\CJK@nest=\count173
\CJK@fntefDimen=\dimen149
\CJK@underdotBox=\box38
\CJK@ULbox=\box39
\CJK@underanyskip=\dimen150
)
\ccwd=\dimen151
)
(/usr/local/texlive/2012/texmf-dist/tex/latex/ctex/fontset/ctex-xecjk-winfonts.
def))
\CTEX@q=\count174
\CTEX@r=\count175
) (/usr/local/texlive/2012/texmf-dist/tex/latex/ctex/def/ctex-caption.def) (/us
r/local/texlive/2012/texmf-dist/tex/latex/ctex/def/ctex-class.def)
(/usr/local/texlive/2012/texmf-dist/tex/latex/ctex/def/ctex-book.def))
(/usr/local/texlive/2012/texmf-dist/tex/latex/ctex/def/ctex-utf8.def)
(/usr/local/texlive/2012/texmf-dist/tex/latex/ctex/cfg/ctexcap.cfg
(/usr/local/texlive/2012/texmf-dist/tex/latex/ctex/cfg/ctexcap-utf8.cfg))
(/usr/local/texlive/2012/texmf-dist/tex/latex/ctex/cfg/ctex.cfg)
(/usr/local/texlive/2012/texmf-dist/tex/latex/psnfss/times.sty
Package: times 2005/04/12 PSNFSS-v9.2a (SPQR) 
)
(/usr/local/texlive/2012/texmf-dist/tex/latex/ccaption/ccaption.sty
Package: ccaption 2011/08/07 v3.2c Extended captioning and new floats
\@contcwidth=\skip61
\@contindw=\skip62
\abovelegendskip=\skip63
\belowlegendskip=\skip64
\c@newflo@tctr=\count176
)
(/usr/local/texlive/2012/texmf-dist/tex/latex/amsmath/amsmath.sty
Package: amsmath 2000/07/18 v2.13 AMS math features
\@mathmargin=\skip65

For additional information on amsmath, use the `?' option.
(/usr/local/texlive/2012/texmf-dist/tex/latex/amsmath/amstext.sty
Package: amstext 2000/06/29 v2.01

(/usr/local/texlive/2012/texmf-dist/tex/latex/amsmath/amsgen.sty
File: amsgen.sty 1999/11/30 v2.0
\@emptytoks=\toks18
\ex@=\dimen152
))
(/usr/local/texlive/2012/texmf-dist/tex/latex/amsmath/amsbsy.sty
Package: amsbsy 1999/11/29 v1.2d
\pmbraise@=\dimen153
)
(/usr/local/texlive/2012/texmf-dist/tex/latex/amsmath/amsopn.sty
Package: amsopn 1999/12/14 v2.01 operator names
)
\inf@bad=\count177
LaTeX Info: Redefining \frac on input line 211.
\uproot@=\count178
\leftroot@=\count179
LaTeX Info: Redefining \overline on input line 307.
\classnum@=\count180
\DOTSCASE@=\count181
LaTeX Info: Redefining \ldots on input line 379.
LaTeX Info: Redefining \dots on input line 382.
LaTeX Info: Redefining \cdots on input line 467.
\Mathstrutbox@=\box40
\strutbox@=\box41
\big@size=\dimen154
LaTeX Font Info:    Redeclaring font encoding OML on input line 567.
LaTeX Font Info:    Redeclaring font encoding OMS on input line 568.
\macc@depth=\count182
\c@MaxMatrixCols=\count183
\dotsspace@=\muskip10
\c@parentequation=\count184
\dspbrk@lvl=\count185
\tag@help=\toks19
\row@=\count186
\column@=\count187
\maxfields@=\count188
\andhelp@=\toks20
\eqnshift@=\dimen155
\alignsep@=\dimen156
\tagshift@=\dimen157
\tagwidth@=\dimen158
\totwidth@=\dimen159
\lineht@=\dimen160
\@envbody=\toks21
\multlinegap=\skip66
\multlinetaggap=\skip67
\mathdisplay@stack=\toks22
LaTeX Info: Redefining \[ on input line 2666.
LaTeX Info: Redefining \] on input line 2667.
)
(/usr/local/texlive/2012/texmf-dist/tex/latex/amscls/amsthm.sty
Package: amsthm 2009/07/02 v2.20.1
\thm@style=\toks23
\thm@bodyfont=\toks24
\thm@headfont=\toks25
\thm@notefont=\toks26
\thm@headpunct=\toks27
\thm@preskip=\skip68
\thm@postskip=\skip69
\thm@headsep=\skip70
\dth@everypar=\toks28
)
(/usr/local/texlive/2012/texmf-dist/tex/latex/amsfonts/amsfonts.sty
Package: amsfonts 2009/06/22 v3.00 Basic AMSFonts support
\symAMSa=\mathgroup4
\symAMSb=\mathgroup5
LaTeX Font Info:    Overwriting math alphabet `\mathfrak' in version `bold'
(Font)                  U/euf/m/n --> U/euf/b/n on input line 96.
)
(/usr/local/texlive/2012/texmf-dist/tex/latex/amsfonts/amssymb.sty
Package: amssymb 2009/06/22 v3.00
)
(/usr/local/texlive/2012/texmf-dist/tex/latex/tools/bm.sty
Package: bm 2004/02/26 v1.1c Bold Symbol Support (DPC/FMi)
\symboldoperators=\mathgroup6
\symboldletters=\mathgroup7
\symboldsymbols=\mathgroup8
LaTeX Font Info:    Redeclaring math alphabet \mathbf on input line 138.
LaTeX Info: Redefining \bm on input line 204.
)
(/usr/local/texlive/2012/texmf-dist/tex/latex/algorithm2e/algorithm2e.sty
Invalid UTF-8 byte or sequence at line 322 replaced by U+FFFD.
Package: algorithm2e 2008/00/00 v3.10 algorithms environments
\c@AlgoLine=\count189

(/usr/local/texlive/2012/texmf-dist/tex/latex/base/ifthen.sty
Package: ifthen 2001/05/26 v1.1c Standard LaTeX ifthen package (DPC)
)
Invalid UTF-8 byte or sequence at line 778 replaced by U+FFFD.
Invalid UTF-8 byte or sequence at line 780 replaced by U+FFFD.

(/usr/local/texlive/2012/texmf-dist/tex/latex/tools/xspace.sty
Package: xspace 2009/10/20 v1.13 Space after command names (DPC,MH)
)
(/usr/local/texlive/2012/texmf-dist/tex/latex/relsize/relsize.sty
Package: relsize 2011/09/21 ver 4.0

Examine \normalsize starts \@setfontsize size may be \CTEX@fs@sfour. 
Examine \small starts \@setfontsize size may be \CTEX@fs@five. 
Examine \footnotesize starts \@setfontsize size may be \CTEX@fs@sfive. 
Examine \large starts \@setfontsize size may be \CTEX@fs@sthree. 
Examine \Large starts \@setfontsize size may be \CTEX@fs@stwo. 
Examine \LARGE starts \@setfontsize size may be \CTEX@fs@two. 
Examine \scriptsize starts \@setfontsize size may be \CTEX@fs@six. 
Examine \tiny starts \@setfontsize size may be \CTEX@fs@ssix. 
Examine \huge starts \@setfontsize size may be \CTEX@fs@sone. 
Examine \Huge starts \@setfontsize size may be \CTEX@fs@one. )
********************************************************
Package `algorithm2e' Release 4.01 -- december 14 2009 --
- algorithm2e-announce@lirmm.fr mailing list for announcement about releases
- algorithm2e-discussion@lirmm.fr mailing list for discussion about package
subscribe by emailing sympa@lirmm.fr with 'subscribe <list> <firstname name>'
- Author: Christophe Fiorio (fiorio@lirmm.fr)
********************************************************
\skiptotal=\skip71
\skiplinenumber=\skip72
\skiprule=\skip73
\skiphlne=\skip74
\skiptext=\skip75
\skiplength=\skip76
\algomargin=\skip77
\skipalgocfslide=\skip78
\algowidth=\dimen161
\inoutsize=\dimen162
\inoutline=\dimen163
\interspacetitleruled=\dimen164
\interspacealgoruled=\dimen165
\interspacetitleboxruled=\dimen166
\algocf@inoutbox=\box42
\algocf@inputbox=\box43
\AlCapSkip=\skip79
\AlCapHSkip=\skip80
\algocf@nlbox=\box44
\algocf@hangingbox=\box45
\algocf@capbox=\box46
\algoheightruledefault=\skip81
\algoheightrule=\skip82
\algotitleheightruledefault=\skip83
\algotitleheightrule=\skip84
\c@algocfline=\count190
\c@algocfproc=\count191
\c@algocf=\count192
\algocf@algoframe=\box47
\algocf@algobox=\box48
Invalid UTF-8 byte or sequence at line 2420 replaced by U+FFFD.
Invalid UTF-8 byte or sequence at line 2501 replaced by U+FFFD.
Invalid UTF-8 byte or sequence at line 2509 replaced by U+FFFD.
Invalid UTF-8 byte or sequence at line 2509 replaced by U+FFFD.
Invalid UTF-8 byte or sequence at line 2532 replaced by U+FFFD.
Invalid UTF-8 byte or sequence at line 2584 replaced by U+FFFD.
Invalid UTF-8 byte or sequence at line 2592 replaced by U+FFFD.
Invalid UTF-8 byte or sequence at line 2592 replaced by U+FFFD.
) (/usr/local/texlive/2012/texmf-dist/tex/latex/psfrag/psfrag.sty
Package: psfrag 1998/04/11 v3.04 PSfrag (MCG)
\pfg@pcount=\count193
\pfg@scount=\count194
\pfg@temp=\write3
)
(/usr/local/texlive/2012/texmf-dist/tex/latex/caption/caption.sty
Package: caption 2012/02/19 v3.2f Customizing captions (AR)

(/usr/local/texlive/2012/texmf-dist/tex/latex/caption/caption3.sty
Package: caption3 2012/01/12 v1.4b caption3 kernel (AR)
\captionmargin=\dimen167
\captionmargin@=\dimen168
\captionwidth=\dimen169
\caption@indent=\dimen170
\caption@parindent=\dimen171
\caption@hangindent=\dimen172
Package caption Info: Unknown document class (or package),
(caption)             standard defaults will be used.
)

Package caption Warning: Unsupported document class (or package) detected,
(caption)                usage of the caption package is not recommended.
See the caption package documentation for explanation.

Package caption Info: \@makecaption = \long macro:#1#2->\let \@conttempa \relax
 \ifdim \prevdepth >-99\p@ \vskip \abovecaptionskip \else \def \@conttempa {\vb
ox to\topskip {}}\fi \let \@contfnote \footnote \renewcommand {\footnote }[2][]
{} \let \@contfmark \footnotemark \renewcommand {\footnotemark }[1][]{} \let \@
contlabel \label \renewcommand {\label }[1]{} \sbox \@tempboxa {\@contnfont #1\
@contdelim \@conttfont #2} \let \footnote \@contfnote \let \footnotemark \@cont
fmark \let \label \@contlabel \ifdim \wd \@tempboxa <\linewidth \centering \fi 
\if@contcw \centering \parbox {\@contcwidth }{\fi \if@conthang \sbox \@tempboxa
 {\@contnfont #1\@contdelim } \@contpre {\@contnfont #1\@contdelim }\@conttempa
 {\@contcstyle \hangindent =\wd \@tempboxa \hangafter =\@ne \@conttfont #2\par 
} \else \if@contindent \@contpre {\@contnfont #1\@contdelim }\@conttempa {\@con
tcstyle \hangindent =\@contindw \hangafter =\@ne \@conttfont #2\par } \else \@c
ontpre {\@contnfont #1\@contdelim }\@conttempa {\@contcstyle \@conttfont #2\par
 } \fi \fi \@contpost \if@contcw \par } \fi \vskip \belowcaptionskip .
\c@ContinuedFloat=\count195
) (/usr/local/texlive/2012/texmf-dist/tex/latex/titlesec/titlesec.sty
Package: titlesec 2011/12/15 v2.10.0 Sectioning titles
\ttl@box=\box49
\beforetitleunit=\skip85
\aftertitleunit=\skip86
\ttl@plus=\dimen173
\ttl@minus=\dimen174
\ttl@toksa=\toks29
\titlewidth=\dimen175
\titlewidthlast=\dimen176
\titlewidthfirst=\dimen177
)
(/usr/local/texlive/2012/texmf-dist/tex/latex/subfig/subfig.sty
Package: subfig 2005/06/28 ver: 1.3 subfig package
\c@KVtest=\count196
\sf@farskip=\skip87
\sf@captopadj=\dimen178
\sf@capskip=\skip88
\sf@nearskip=\skip89
\c@subfigure=\count197
\c@subfigure@save=\count198
\c@lofdepth=\count199
\c@subtable=\count200
\c@subtable@save=\count201
Normal \count register pool exhausted, switching to extended pool.
\c@lotdepth=\count277
\sf@top=\skip90
\sf@bottom=\skip91
)
(/usr/local/texlive/2012/texmf-dist/tex/latex/titlesec/titletoc.sty
Package: titletoc 2011/12/15 v1.6 TOC entries
\ttl@leftsep=\dimen179
)
(/usr/local/texlive/2012/texmf-dist/tex/latex/geometry/geometry.sty
Package: geometry 2010/09/12 v5.6 Page Geometry

(/usr/local/texlive/2012/texmf-dist/tex/generic/oberdiek/ifvtex.sty
Package: ifvtex 2010/03/01 v1.5 Detect VTeX and its facilities (HO)
Package ifvtex Info: VTeX not detected.
)
\Gm@cnth=\count278
\Gm@cntv=\count279
\c@Gm@tempcnt=\count280
\Gm@bindingoffset=\dimen180
\Gm@wd@mp=\dimen181
\Gm@odd@mp=\dimen182
\Gm@even@mp=\dimen183
\Gm@layoutwidth=\dimen184
\Gm@layoutheight=\dimen185
\Gm@layouthoffset=\dimen186
\Gm@layoutvoffset=\dimen187
\Gm@dimlist=\toks30
)
(/usr/local/texlive/2012/texmf-dist/tex/latex/tools/enumerate.sty
Package: enumerate 1999/03/05 v3.00 enumerate extensions (DPC)
\@enLab=\toks31
)
(/usr/local/texlive/2012/texmf-dist/tex/latex/multirow/multirow.sty
\bigstrutjot=\dimen188
)
(/usr/local/texlive/2012/texmf-dist/tex/latex/graphics/epsfig.sty
Package: epsfig 1999/02/16 v1.7a (e)psfig emulation (SPQR)
\epsfxsize=\dimen189
\epsfysize=\dimen190
)
(/usr/local/texlive/2012/texmf-dist/tex/latex/float/float.sty
Package: float 2001/11/08 v1.3d Float enhancements (AL)
\c@float@type=\count281
\float@exts=\toks32
\float@box=\box50
\@float@everytoks=\toks33
\@floatcapt=\box51
)
(/usr/local/texlive/2012/texmf-dist/tex/latex/paralist/paralist.sty
Package: paralist 2002/03/18 v2.3b Extended list environments (BS)
\pltopsep=\skip92
\plpartopsep=\skip93
\plitemsep=\skip94
\plparsep=\skip95
\pl@lab=\toks34
)
(/usr/local/texlive/2012/texmf-dist/tex/latex/booktabs/booktabs.sty
Package: booktabs 2005/04/14 v1.61803 publication quality tables
\heavyrulewidth=\dimen191
\lightrulewidth=\dimen192
\cmidrulewidth=\dimen193
\belowrulesep=\dimen194
\belowbottomsep=\dimen195
\aboverulesep=\dimen196
\abovetopsep=\dimen197
\cmidrulesep=\dimen198
\cmidrulekern=\dimen199
\defaultaddspace=\dimen200
\@cmidla=\count282
\@cmidlb=\count283
\@aboverulesep=\dimen201
Normal \dimen register pool exhausted, switching to extended pool.
\@belowrulesep=\dimen256
\@thisruleclass=\count284
\@lastruleclass=\count285
\@thisrulewidth=\dimen257
)
(/usr/local/texlive/2012/texmf-dist/tex/latex/setspace/setspace.sty
Package: setspace 2011/12/19 v6.7a set line spacing
)
(/usr/local/texlive/2012/texmf-dist/tex/latex/footmisc/footmisc.sty
Package: footmisc 2011/06/06 v5.5b a miscellany of footnote facilities
\FN@temptoken=\toks35
\footnotemargin=\dimen258
\c@pp@next@reset=\count286
\c@@fnserial=\count287
Package footmisc Info: Declaring symbol style bringhurst on input line 855.
Package footmisc Info: Declaring symbol style chicago on input line 863.
Package footmisc Info: Declaring symbol style wiley on input line 872.
Package footmisc Info: Declaring symbol style lamport-robust on input line 883.

Package footmisc Info: Declaring symbol style lamport* on input line 903.
Package footmisc Info: Declaring symbol style lamport*-robust on input line 924
.
)
(/usr/local/texlive/2012/texmf-dist/tex/latex/psnfss/pifont.sty
Package: pifont 2005/04/12 PSNFSS-v9.2a Pi font support (SPQR) 
LaTeX Font Info:    Try loading font information for U+pzd on input line 63.

(/usr/local/texlive/2012/texmf-dist/tex/latex/psnfss/upzd.fd
File: upzd.fd 2001/06/04 font definitions for U/pzd.
)
LaTeX Font Info:    Try loading font information for U+psy on input line 64.

(/usr/local/texlive/2012/texmf-dist/tex/latex/psnfss/upsy.fd
File: upsy.fd 2001/06/04 font definitions for U/psy.
))
(/usr/local/texlive/2012/texmf-dist/tex/latex/hyperref/hyperref.sty
Package: hyperref 2012/05/13 v6.82q Hypertext links for LaTeX

(/usr/local/texlive/2012/texmf-dist/tex/generic/oberdiek/hobsub-hyperref.sty
Package: hobsub-hyperref 2012/05/28 v1.13 Bundle oberdiek, subset hyperref (HO)


(/usr/local/texlive/2012/texmf-dist/tex/generic/oberdiek/hobsub-generic.sty
Package: hobsub-generic 2012/05/28 v1.13 Bundle oberdiek, subset generic (HO)
Package: hobsub 2012/05/28 v1.13 Construct package bundles (HO)
Package: infwarerr 2010/04/08 v1.3 Providing info/warning/error messages (HO)
Package: ltxcmds 2011/11/09 v1.22 LaTeX kernel commands for general use (HO)
Package: ifluatex 2010/03/01 v1.3 Provides the ifluatex switch (HO)
Package ifluatex Info: LuaTeX not detected.
Package hobsub Info: Skipping package `ifvtex' (already loaded).
Package: intcalc 2007/09/27 v1.1 Expandable calculations with integers (HO)
Package hobsub Info: Skipping package `ifpdf' (already loaded).
Package: etexcmds 2011/02/16 v1.5 Avoid name clashes with e-TeX commands (HO)
Package etexcmds Info: Could not find \expanded.
(etexcmds)             That can mean that you are not using pdfTeX 1.50 or
(etexcmds)             that some package has redefined \expanded.
(etexcmds)             In the latter case, load this package earlier.
Package: kvsetkeys 2012/04/25 v1.16 Key value parser (HO)
Package: kvdefinekeys 2011/04/07 v1.3 Define keys (HO)
Package: pdftexcmds 2011/11/29 v0.20 Utility functions of pdfTeX for LuaTeX (HO
)
Package pdftexcmds Info: LuaTeX not detected.
Package pdftexcmds Info: pdfTeX >= 1.30 not detected.
Package pdftexcmds Info: \pdf@primitive is available.
Package pdftexcmds Info: \pdf@ifprimitive is available.
Package pdftexcmds Info: \pdfdraftmode not found.
Package: pdfescape 2011/11/25 v1.13 Implements pdfTeX's escape features (HO)
Package: bigintcalc 2012/04/08 v1.3 Expandable calculations on big integers (HO
)
Package: bitset 2011/01/30 v1.1 Handle bit-vector datatype (HO)
Package: uniquecounter 2011/01/30 v1.2 Provide unlimited unique counter (HO)
)
Package hobsub Info: Skipping package `hobsub' (already loaded).
Package: letltxmacro 2010/09/02 v1.4 Let assignment for LaTeX macros (HO)
Package: hopatch 2012/05/28 v1.2 Wrapper for package hooks (HO)
Package: xcolor-patch 2011/01/30 xcolor patch
Package: atveryend 2011/06/30 v1.8 Hooks at the very end of document (HO)
Package: atbegshi 2011/10/05 v1.16 At begin shipout hook (HO)
Package: refcount 2011/10/16 v3.4 Data extraction from label references (HO)
Package: hycolor 2011/01/30 v1.7 Color options for hyperref/bookmark (HO)
)
(/usr/local/texlive/2012/texmf-dist/tex/latex/oberdiek/kvoptions.sty
Package: kvoptions 2011/06/30 v3.11 Key value format for package options (HO)
)
\@linkdim=\dimen259
\Hy@linkcounter=\count288
\Hy@pagecounter=\count289

(/usr/local/texlive/2012/texmf-dist/tex/latex/hyperref/pd1enc.def
File: pd1enc.def 2012/05/13 v6.82q Hyperref: PDFDocEncoding definition (HO)
)
\Hy@SavedSpaceFactor=\count290

(/usr/local/texlive/2012/texmf-dist/tex/xelatex/xetexconfig/hyperref.cfg
File: hyperref.cfg 2008/07/11 v1.2 hyperref configuration for XeLaTeX
)
Package hyperref Info: Hyper figures OFF on input line 4062.
Package hyperref Info: Link nesting OFF on input line 4067.
Package hyperref Info: Hyper index ON on input line 4070.
Package hyperref Info: Plain pages OFF on input line 4077.
Package hyperref Info: Backreferencing OFF on input line 4082.
Package hyperref Info: Implicit mode ON; LaTeX internals redefined.
Package hyperref Info: Bookmarks ON on input line 4300.
\c@Hy@tempcnt=\count291

(/usr/local/texlive/2012/texmf-dist/tex/latex/url/url.sty
\Urlmuskip=\muskip11
Package: url 2006/04/12  ver 3.3  Verb mode for urls, etc.
)
LaTeX Info: Redefining \url on input line 4653.
\Fld@menulength=\count292
\Field@Width=\dimen260
\Fld@charsize=\dimen261
Package hyperref Info: Hyper figures OFF on input line 5773.
Package hyperref Info: Link nesting OFF on input line 5778.
Package hyperref Info: Hyper index ON on input line 5781.
Package hyperref Info: backreferencing OFF on input line 5788.
Package hyperref Info: Link coloring OFF on input line 5793.
Package hyperref Info: Link coloring with OCG OFF on input line 5798.
Package hyperref Info: PDF/A mode OFF on input line 5803.
LaTeX Info: Redefining \ref on input line 5843.
LaTeX Info: Redefining \pageref on input line 5847.
\Hy@abspage=\count293
\c@Item=\count294
\c@Hfootnote=\count295
)

Package hyperref Message: Driver (autodetected): hxetex.

(/usr/local/texlive/2012/texmf-dist/tex/latex/hyperref/hxetex.def
File: hxetex.def 2012/05/13 v6.82q Hyperref driver for XeTeX

(/usr/local/texlive/2012/texmf-dist/tex/latex/hyperref/puenc.def
File: puenc.def 2012/05/13 v6.82q Hyperref: PDF Unicode definition (HO)
)
(/usr/local/texlive/2012/texmf-dist/tex/generic/oberdiek/stringenc.sty
Package: stringenc 2011/12/02 v1.10 Convert strings between diff. encodings (HO
)
)
\pdfm@box=\box52
\c@Hy@AnnotLevel=\count296
\HyField@AnnotCount=\count297
\Fld@listcount=\count298
\c@bookmark@seq@number=\count299

(/usr/local/texlive/2012/texmf-dist/tex/latex/oberdiek/rerunfilecheck.sty
Package: rerunfilecheck 2011/04/15 v1.7 Rerun checks for auxiliary files (HO)
Package rerunfilecheck Info: Feature \pdfmdfivesum is not available
(rerunfilecheck)             (e.g. pdfTeX or LuaTeX with package `pdftexcmds').

(rerunfilecheck)             Therefore file contents cannot be checked efficien
tly
(rerunfilecheck)             and the loading of the package is aborted.
)
\Hy@SectionHShift=\skip96
)
(/usr/local/texlive/2012/texmf-dist/tex/latex/natbib/natbib.sty
Package: natbib 2010/09/13 8.31b (PWD, AO)
\bibhang=\skip97
\bibsep=\skip98
LaTeX Info: Redefining \cite on input line 694.
\c@NAT@ctr=\count300
)
Package hyperref Info: Option `CJKbookmarks' set `true' on input line 58.
Package hyperref Info: Option `bookmarksnumbered' set `true' on input line 58.
Package hyperref Info: Option `bookmarksopen' set `true' on input line 58.
Package hyperref Info: Option `breaklinks' set `true' on input line 58.
Package hyperref Info: Option `colorlinks' set `true' on input line 58.
Package hyperref Info: Option `plainpages' set `false' on input line 58.

*************************************************
* xeCJK warning: "CJKfamily-redef"
* 
* Redefining CJKfamily `rm' (SimSun).
*************************************************
*************************************************
* xeCJK warning: "CJKfamily-redef"
* 
* Redefining CJKfamily `sf' (SimHei).
*************************************************
*************************************************
* xeCJK warning: "CJKfamily-redef"
* 
* Redefining CJKfamily `tt' ([SIMFANG.TTF]).
*************************************************
\g_fontspec_family_Times New Roman_int=\count301
.................................................
. fontspec info: "defining-font"
. 
. Font family 'TimesNewRoman(0)' created for font 'Times New Roman' with
. options [Ligatures=TeX,].
. 
. This font family consists of the following shapes:
. 
. * 'normal' with NFSS spec.:
. <->"Times New Roman/ICU:script=latn;language=DFLT;mapping=tex-text;"
. 
. * 'bold' with NFSS spec.:
. <->"Times New Roman/B/ICU:script=latn;language=DFLT;mapping=tex-text;"
. 
. * 'italic' with NFSS spec.:
. <->"Times New Roman/I/ICU:script=latn;language=DFLT;mapping=tex-text;"
. 
. * 'bold italic' with NFSS spec.:
. <->"Times New Roman/BI/ICU:script=latn;language=DFLT;mapping=tex-text;"
.................................................
.................................................
. fontspec info: "no-scripts"
. 
. Font STSong does not contain any OpenType `Script' information.
.................................................
\g_fontspec_family_STSong_int=\count302
.................................................
. fontspec info: "defining-font"
. 
. Font family 'STSong(0)' created for font 'STSong' with options
. [Ligatures=TeX,BoldFont={Hei},BoldItalicFont={Hei},BoldSlantedFont={Hei},Ital
icFont={Kai},SlantedFont={Kai}].
. 
. This font family consists of the following shapes:
. 
. * 'normal' with NFSS spec.:
. <->"STSong/AAT:mapping=tex-text;"
. 
. * 'bold' with NFSS spec.:
. <->"Hei/AAT:mapping=tex-text;"
. 
. * 'italic' with NFSS spec.:
. <->"Kai/AAT:mapping=tex-text;"
. 
. * 'sl/' with NFSS spec.:
. <->"Kai/AAT:mapping=tex-text;"
. 
. * 'bold italic' with NFSS spec.:
. <->"Hei/AAT:mapping=tex-text;"
. 
. * 'sl/' with NFSS spec.:
. <->"Hei/AAT:mapping=tex-text;"
.................................................
\g_fontspec_family_Courier New_int=\count303
.................................................
. fontspec info: "defining-font"
. 
. Font family 'CourierNew(0)' created for font 'Courier New' with options
. [Ligatures=TeX,BoldFont={Courier New Bold}].
. 
. This font family consists of the following shapes:
. 
. * 'normal' with NFSS spec.:
. <->"Courier New/ICU:script=latn;language=DFLT;mapping=tex-text;"
. 
. * 'bold' with NFSS spec.:
. <->"Courier New Bold/ICU:script=latn;language=DFLT;mapping=tex-text;"
. 
. * 'italic' with NFSS spec.:
. <->"Courier New/I/ICU:script=latn;language=DFLT;mapping=tex-text;"
. 
. * 'bold italic' with NFSS spec.:
. <->"Courier New Bold/I/ICU:script=latn;language=DFLT;mapping=tex-text;"
.................................................
\g_fontspec_family_Arial_int=\count304
Unknown feature `style=Bold/ICU' in font `Arial'.
Unknown feature `style=Bold/I/ICU' in font `Arial'.
.................................................
. fontspec info: "defining-font"
. 
. Font family 'Arial(0)' created for font 'Arial' with options
. [Ligatures=TeX,BoldFont={Arial:style=Bold}].
. 
. This font family consists of the following shapes:
. 
. * 'normal' with NFSS spec.:
. <->"Arial/ICU:script=latn;language=DFLT;mapping=tex-text;"
. 
. * 'bold' with NFSS spec.:
. <->"Arial:style=Bold/ICU:script=latn;language=DFLT;mapping=tex-text;"
. 
. * 'italic' with NFSS spec.:
. <->"Arial/I/ICU:script=latn;language=DFLT;mapping=tex-text;"
. 
. * 'bold italic' with NFSS spec.:
. <->"Arial:style=Bold/I/ICU:script=latn;language=DFLT;mapping=tex-text;"
.................................................
\c@theorem=\count305
\c@lemma=\count306
\c@example=\count307
\c@definition=\count308
\c@axiom=\count309
\c@property=\count310
\c@proposition=\count311
\c@corollary=\count312
\c@remark=\count313
\c@condition=\count314
\c@conclusion=\count315
\c@assumption=\count316
\c@prove=\count317
)
Package hyperref Info: Option `colorlinks' set `true' on input line 9.
 (/usr/local/texlive/2012/texmf-dist/tex/latex/tools/tabularx.sty
Package: tabularx 1999/01/07 v2.07 `tabularx' package (DPC)

(/usr/local/texlive/2012/texmf-dist/tex/latex/tools/array.sty
Package: array 2008/09/09 v2.4c Tabular extension package (FMi)
\col@sep=\dimen262
\extrarowheight=\dimen263
\NC@list=\toks36
\extratabsurround=\skip99
\backup@length=\skip100
)
\TX@col@width=\dimen264
\TX@old@table=\dimen265
\TX@old@col=\dimen266
\TX@target=\dimen267
\TX@delta=\dimen268
\TX@cols=\count318
\TX@ftn=\toks37
)
(/usr/local/texlive/2012/texmf-dist/tex/latex/colortbl/colortbl.sty
Package: colortbl 2012/02/13 v1.0a Color table columns (DPC)
\everycr=\toks38
\minrowclearance=\skip101
)
(/usr/local/texlive/2012/texmf-dist/tex/latex/algorithms/algorithmic.sty
Invalid UTF-8 byte or sequence at line 11 replaced by U+FFFD.
Package: algorithmic 2009/08/24 v0.1 Document Style `algorithmic'
\c@ALC@unique=\count319
\c@ALC@line=\count320
\c@ALC@rem=\count321
\c@ALC@depth=\count322
\ALC@tlm=\skip102
\algorithmicindent=\skip103
)
(/usr/local/texlive/2012/texmf-dist/tex/latex/fancybox/fancybox.sty
Package: fancybox 2010/05/15 1.4

Style option: `fancybox' v1.4 <2010/05/15> (tvz)
\@fancybox=\box53
\shadowsize=\dimen269
\@Sbox=\box54
\do@VerbBox=\toks39
\the@fancyput=\toks40
\this@fancyput=\toks41
\EndVerbatimTokens=\toks42
\Verbatim@Outfile=\write4
\Verbatim@Infile=\read1
) (/usr/local/texlive/2012/texmf-dist/tex/latex/xcolor/xcolor.sty
Package: xcolor 2007/01/21 v2.11 LaTeX color extensions (UK)

(/usr/local/texlive/2012/texmf-dist/tex/latex/latexconfig/color.cfg
File: color.cfg 2007/01/18 v1.5 color configuration of teTeX/TeXLive
)
Package xcolor Info: Driver file: xetex.def on input line 225.
LaTeX Info: Redefining \color on input line 702.
Package xcolor Info: Model `cmy' substituted by `cmy0' on input line 1337.
Package xcolor Info: Model `RGB' extended on input line 1353.
Package xcolor Info: Model `HTML' substituted by `rgb' on input line 1355.
Package xcolor Info: Model `Hsb' substituted by `hsb' on input line 1356.
Package xcolor Info: Model `tHsb' substituted by `hsb' on input line 1357.
Package xcolor Info: Model `HSB' substituted by `hsb' on input line 1358.
Package xcolor Info: Model `Gray' substituted by `gray' on input line 1359.
Package xcolor Info: Model `wave' substituted by `hsb' on input line 1360.
)
(/usr/local/texlive/2012/texmf-dist/tex/latex/listings/listings.sty
\lst@mode=\count323
\lst@gtempboxa=\box55
\lst@token=\toks43
\lst@length=\count324
\lst@currlwidth=\dimen270
\lst@column=\count325
\lst@pos=\count326
\lst@lostspace=\dimen271
\lst@width=\dimen272
\lst@newlines=\count327
\lst@lineno=\count328
\lst@maxwidth=\dimen273

(/usr/local/texlive/2012/texmf-dist/tex/latex/listings/lstmisc.sty
File: lstmisc.sty 2007/02/22 1.4 (Carsten Heinz)
\c@lstnumber=\count329
\lst@skipnumbers=\count330
\lst@framebox=\box56
)
(/usr/local/texlive/2012/texmf-dist/tex/latex/listings/listings.cfg
File: listings.cfg 2007/02/22 1.4 listings configuration
))
Package: listings 2007/02/22 1.4 (Carsten Heinz)

(./main.aux (./chapter/abstract.aux) (./chapter/chap-intro.aux)
(./chapter/chap-hadoop.aux) (./chapter/chap-sedna.aux)
(./chapter/chap-domino.aux) (./chapter/chap-conclusion.aux)
(./chapter/chap-appendix.aux) (./chapter/thanks.aux) (./chapter/pub.aux))
\openout1 = `main.aux'.

LaTeX Font Info:    Checking defaults for OML/cmm/m/it on input line 36.
LaTeX Font Info:    ... okay on input line 36.
LaTeX Font Info:    Checking defaults for T1/cmr/m/n on input line 36.
LaTeX Font Info:    ... okay on input line 36.
LaTeX Font Info:    Checking defaults for OT1/cmr/m/n on input line 36.
LaTeX Font Info:    ... okay on input line 36.
LaTeX Font Info:    Checking defaults for OMS/cmsy/m/n on input line 36.
LaTeX Font Info:    ... okay on input line 36.
LaTeX Font Info:    Checking defaults for OMX/cmex/m/n on input line 36.
LaTeX Font Info:    ... okay on input line 36.
LaTeX Font Info:    Checking defaults for U/cmr/m/n on input line 36.
LaTeX Font Info:    ... okay on input line 36.
LaTeX Font Info:    Checking defaults for TS1/cmr/m/n on input line 36.
LaTeX Font Info:    ... okay on input line 36.
LaTeX Font Info:    Checking defaults for EU1/lmr/m/n on input line 36.
LaTeX Font Info:    ... okay on input line 36.
LaTeX Font Info:    Checking defaults for T3/cmr/m/n on input line 36.
LaTeX Font Info:    Try loading font information for T3+cmr on input line 36.

(/usr/local/texlive/2012/texmf-dist/tex/latex/tipa/t3cmr.fd
File: t3cmr.fd 2001/12/31 TIPA font definitions
)
LaTeX Font Info:    ... okay on input line 36.
LaTeX Font Info:    Checking defaults for PD1/pdf/m/n on input line 36.
LaTeX Font Info:    ... okay on input line 36.
LaTeX Font Info:    Checking defaults for PU/pdf/m/n on input line 36.
LaTeX Font Info:    ... okay on input line 36.
.................................................
. fontspec info: "setup-math"
. 
. Adjusting the maths setup (use [no-math] to avoid this).
.................................................
\symlegacymaths=\mathgroup9
LaTeX Font Info:    Overwriting symbol font `legacymaths' in version `bold'
(Font)                  OT1/cmr/m/n --> OT1/cmr/bx/n on input line 36.
LaTeX Font Info:    Redeclaring math accent \acute on input line 36.
LaTeX Font Info:    Redeclaring math accent \grave on input line 36.
LaTeX Font Info:    Redeclaring math accent \ddot on input line 36.
LaTeX Font Info:    Redeclaring math accent \tilde on input line 36.
LaTeX Font Info:    Redeclaring math accent \bar on input line 36.
LaTeX Font Info:    Redeclaring math accent \breve on input line 36.
LaTeX Font Info:    Redeclaring math accent \check on input line 36.
LaTeX Font Info:    Redeclaring math accent \hat on input line 36.
LaTeX Font Info:    Redeclaring math accent \dot on input line 36.
LaTeX Font Info:    Redeclaring math accent \mathring on input line 36.
LaTeX Font Info:    Redeclaring math symbol \Gamma on input line 36.
LaTeX Font Info:    Redeclaring math symbol \Delta on input line 36.
LaTeX Font Info:    Redeclaring math symbol \Theta on input line 36.
LaTeX Font Info:    Redeclaring math symbol \Lambda on input line 36.
LaTeX Font Info:    Redeclaring math symbol \Xi on input line 36.
LaTeX Font Info:    Redeclaring math symbol \Pi on input line 36.
LaTeX Font Info:    Redeclaring math symbol \Sigma on input line 36.
LaTeX Font Info:    Redeclaring math symbol \Upsilon on input line 36.
LaTeX Font Info:    Redeclaring math symbol \Phi on input line 36.
LaTeX Font Info:    Redeclaring math symbol \Psi on input line 36.
LaTeX Font Info:    Redeclaring math symbol \Omega on input line 36.
LaTeX Font Info:    Redeclaring math symbol \mathdollar on input line 36.
LaTeX Font Info:    Redeclaring symbol font `operators' on input line 36.
LaTeX Font Info:    Encoding `OT1' has changed to `EU1' for symbol font
(Font)              `operators' in the math version `normal' on input line 36.
LaTeX Font Info:    Overwriting symbol font `operators' in version `normal'
(Font)                  OT1/cmr/m/n --> EU1/TimesNewRoman(0)/m/n on input line 
36.
LaTeX Font Info:    Encoding `OT1' has changed to `EU1' for symbol font
(Font)              `operators' in the math version `bold' on input line 36.
LaTeX Font Info:    Overwriting symbol font `operators' in version `bold'
(Font)                  OT1/cmr/bx/n --> EU1/TimesNewRoman(0)/m/n on input line
 36.
LaTeX Font Info:    Overwriting symbol font `operators' in version `normal'
(Font)                  EU1/TimesNewRoman(0)/m/n --> EU1/TimesNewRoman(0)/m/n o
n input line 36.
LaTeX Font Info:    Overwriting math alphabet `\mathrm' in version `normal'
(Font)                  EU1/TimesNewRoman(0)/m/n --> EU1/TimesNewRoman(0)/m/n o
n input line 36.
LaTeX Font Info:    Overwriting math alphabet `\mathit' in version `normal'
(Font)                  OT1/cmr/m/it --> EU1/TimesNewRoman(0)/m/it on input lin
e 36.
LaTeX Font Info:    Overwriting math alphabet `\mathbf' in version `normal'
(Font)                  OT1/cmr/bx/n --> EU1/TimesNewRoman(0)/bx/n on input lin
e 36.
LaTeX Font Info:    Overwriting math alphabet `\mathsf' in version `normal'
(Font)                  OT1/cmss/m/n --> EU1/CourierNew(0)/m/n on input line 36
.
LaTeX Font Info:    Overwriting math alphabet `\mathtt' in version `normal'
(Font)                  OT1/cmtt/m/n --> EU1/Arial(0)/m/n on input line 36.
LaTeX Font Info:    Overwriting symbol font `operators' in version `bold'
(Font)                  EU1/TimesNewRoman(0)/m/n --> EU1/TimesNewRoman(0)/bx/n 
on input line 36.
LaTeX Font Info:    Overwriting math alphabet `\mathrm' in version `bold'
(Font)                  EU1/TimesNewRoman(0)/m/n --> EU1/TimesNewRoman(0)/bx/n 
on input line 36.
LaTeX Font Info:    Overwriting math alphabet `\mathit' in version `bold'
(Font)                  OT1/cmr/bx/it --> EU1/TimesNewRoman(0)/bx/it on input l
ine 36.
LaTeX Font Info:    Overwriting math alphabet `\mathsf' in version `bold'
(Font)                  OT1/cmss/bx/n --> EU1/CourierNew(0)/bx/n on input line 
36.
LaTeX Font Info:    Overwriting math alphabet `\mathtt' in version `bold'
(Font)                  OT1/cmtt/m/n --> EU1/Arial(0)/bx/n on input line 36.

*************************************************
* LaTeX warning: "xparse/redefine-command"
* 
* Redefining document command \Pifont with arg. spec. 'm' on line 36.
*************************************************
Package caption Info: Begin \AtBeginDocument code.
Package caption Info: subfig package v1.3 is loaded.
Package caption Info: float package is loaded.
Package caption Info: hyperref package is loaded.
Package caption Info: listings package is loaded.
Package caption Info: End \AtBeginDocument code.
*geometry* driver: auto-detecting
*geometry* detected driver: xetex
*geometry* verbose mode - [ preamble ] result:
* driver: xetex
* paper: <default>
* layout: <same size as paper>
* layoutoffset:(h,v)=(0.0pt,0.0pt)
* modes: twoside 
* h-part:(L,W,R)=(90.19518pt, 417.11752pt, 90.19518pt)
* v-part:(T,H,B)=(113.81102pt, 603.19843pt, 128.0374pt)
* \paperwidth=597.50787pt
* \paperheight=845.04684pt
* \textwidth=417.11752pt
* \textheight=603.19843pt
* \oddsidemargin=17.92519pt
* \evensidemargin=17.92519pt
* \topmargin=9.66724pt
* \headheight=12.0pt
* \headsep=19.8738pt
* \topskip=12.0pt
* \footskip=30.0pt
* \marginparwidth=88.0pt
* \marginparsep=7.0pt
* \columnsep=10.0pt
* \skip\footins=10.8pt plus 4.0pt minus 2.0pt
* \hoffset=0.0pt
* \voffset=0.0pt
* \mag=1000
* \@twocolumnfalse
* \@twosidetrue
* \@mparswitchtrue
* \@reversemarginfalse
* (1in=72.27pt=25.4mm, 1cm=28.453pt)

\AtBeginShipoutBox=\box57
Package hyperref Info: Link coloring ON on input line 36.
(/usr/local/texlive/2012/texmf-dist/tex/latex/hyperref/nameref.sty
Package: nameref 2010/04/30 v2.40 Cross-referencing by name of section

(/usr/local/texlive/2012/texmf-dist/tex/generic/oberdiek/gettitlestring.sty
Package: gettitlestring 2010/12/03 v1.4 Cleanup title references (HO)
)
\c@section@level=\count331
)
LaTeX Info: Redefining \ref on input line 36.
LaTeX Info: Redefining \pageref on input line 36.
LaTeX Info: Redefining \nameref on input line 36.

(./main.out) (./main.out)
\@outlinefile=\write5
\openout5 = `main.out'.

\c@lstlisting=\count332

(/usr/local/texlive/2012/texmf-dist/tex/generic/oberdiek/se-ascii-print.def
File: se-ascii-print.def 2011/12/02 v1.10 stringenc: Printable ASCII characters

)
File: figures/ustc_logo_text.eps Graphic file (type eps)

<figures/ustc_logo_text.eps>
\g_fontspec_family_Adobe Heiti Std_int=\count333
.................................................
. fontspec info: "defining-font"
. 
. Font family 'AdobeHeitiStd(0)' created for font 'Adobe Heiti Std' with
. options
. [Ligatures=TeX,BoldFeatures={FakeBold={4.000000000}},BoldItalicFeatures={Fake
Bold={4.000000000}},BoldSlantedFeatures={FakeBold={4.000000000}},BoldFont={*},I
talicFont={*},BoldItalicFont={*},SlantedFont={*},BoldSlantedFont={*}].
. 
. This font family consists of the following shapes:
. 
. * 'normal' with NFSS spec.:
. <->"Adobe Heiti Std/ICU:script=latn;language=DFLT;mapping=tex-text;"
. 
. * 'bold' with NFSS spec.:
. <->"Adobe Heiti
. Std/ICU:script=latn;language=DFLT;mapping=tex-text;embolden=4.000000000;"
. 
. * 'italic' with NFSS spec.:
. <->"Adobe Heiti Std/ICU:script=latn;language=DFLT;mapping=tex-text;"
. 
. * 'sl/' with NFSS spec.:
. <->"Adobe Heiti Std/ICU:script=latn;language=DFLT;mapping=tex-text;"
. 
. * 'bold italic' with NFSS spec.:
. <->"Adobe Heiti
. Std/ICU:script=latn;language=DFLT;mapping=tex-text;embolden=4.000000000;"
. 
. * 'sl/,FakeBold={4.000000000}' with NFSS spec.:
. <->"Adobe Heiti
. Std/ICU:script=latn;language=DFLT;mapping=tex-text;embolden=4.000000000;"
.................................................
File: figures/ustc_logo_fig.eps Graphic file (type eps)
 <figures/ustc_logo_fig.eps>
LaTeX Font Info:    Calculating math sizes for size <56> on input line 61.
LaTeX Font Info:    Try loading font information for U+msa on input line 61.

(/usr/local/texlive/2012/texmf-dist/tex/latex/amsfonts/umsa.fd
File: umsa.fd 2009/06/22 v3.00 AMS symbols A
)
LaTeX Font Info:    Try loading font information for U+msb on input line 61.

(/usr/local/texlive/2012/texmf-dist/tex/latex/amsfonts/umsb.fd
File: umsb.fd 2009/06/22 v3.00 AMS symbols B
)
LaTeX Font Info:    Calculating math sizes for size <15.75> on input line 61.
 [1


] [2


]
File: figures/ustc_logo_fig.eps Graphic file (type eps)

<figures/ustc_logo_fig.eps> [3

] [4


]
.................................................
. fontspec info: "defining-font"
. 
. Font family 'AdobeHeitiStd(1)' created for font 'Adobe Heiti Std' with
. options
. [Ligatures=TeX,RawFeature={vertical:},BoldFeatures={FakeBold={4.000000000}},B
oldItalicFeatures={FakeBold={4.000000000}},BoldSlantedFeatures={FakeBold={4.000
000000}},BoldFont={*},ItalicFont={*},BoldItalicFont={*},SlantedFont={*},BoldSla
ntedFont={*}].
. 
. This font family consists of the following shapes:
. 
. * 'normal' with NFSS spec.:
. <->"Adobe Heiti
. Std/ICU:script=latn;language=DFLT;mapping=tex-text;vertical:;"
. 
. * 'bold' with NFSS spec.:
. <->"Adobe Heiti
. Std/ICU:script=latn;language=DFLT;mapping=tex-text;vertical:;embolden=4.00000
0000;"
. 
. * 'italic' with NFSS spec.:
. <->"Adobe Heiti
. Std/ICU:script=latn;language=DFLT;mapping=tex-text;vertical:;"
. 
. * 'sl/' with NFSS spec.:
. <->"Adobe Heiti
. Std/ICU:script=latn;language=DFLT;mapping=tex-text;vertical:;"
. 
. * 'bold italic' with NFSS spec.:
. <->"Adobe Heiti
. Std/ICU:script=latn;language=DFLT;mapping=tex-text;vertical:;embolden=4.00000
0000;"
. 
. * 'sl/,FakeBold={4.000000000}' with NFSS spec.:
. <->"Adobe Heiti
. Std/ICU:script=latn;language=DFLT;mapping=tex-text;vertical:;embolden=4.00000
0000;"
.................................................
Unknown feature `' in font `Adobe Heiti Std R'.

Underfull \vbox (badness 10000) has occurred while \output is active []

 [5

]
[6


] [7

] [8


]
\openout2 = `chapter/abstract.aux'.

 (./chapter/abstract.tex
Underfull \vbox (badness 1168) has occurred while \output is active []



Package Fancyhdr Warning: \headheight is too small (12.0pt): 
 Make it at least 24.3984pt.
 We now make it that large for the rest of the document.
 This may cause the page layout to be inconsistent, however.

[1



] [2] [3

]) [4] (./main.toc [5


] [6] [7])
\tf@toc=\write6
\openout6 = `main.toc'.

 [8] (./main.lot)
\tf@lot=\write7
\openout7 = `main.lot'.

 [9

] [10

] (./main.lof [11])
\tf@lof=\write8
\openout8 = `main.lof'.

 [12]
\openout2 = `chapter/chap-intro.aux'.

 (./chapter/chap-intro.tex

[1



] [2] [3] [4] [5] [6] [7] [8]) [9]
\openout2 = `chapter/chap-hadoop.aux'.

 (./chapter/chap-hadoop.tex [10



]


Package Fancyhdr Warning: \headheight is too small (24.3984pt): 
 Make it at least 24.4047pt.
 We now make it that large for the rest of the document.
 This may cause the page layout to be inconsistent, however.

[11] [12] [13]

LaTeX Warning: `h' float specifier changed to `ht'.

[14]
File: figures/hadooparch.pdf Graphic file (type QTm)
 <use  "figures/hadooparch.pdf" >

LaTeX Warning: `!h' float specifier changed to `!ht'.


Underfull \vbox (badness 1092) has occurred while \output is active []

 [15]
[16]
File: figures/cpulikely.pdf Graphic file (type QTm)
 <use  "figures/cpulikely.pdf" >

LaTeX Warning: `!h' float specifier changed to `!ht'.

File: figures/memlikely.pdf Graphic file (type QTm)
<use  "figures/memlikely.pdf" > [17]
File: figures/networklikely.pdf Graphic file (type QTm)
 <use  "figures/networklikely.pdf" >

LaTeX Warning: `!h' float specifier changed to `!ht'.


LaTeX Warning: `!h' float specifier changed to `!ht'.

[18]
File: figures/iomblikeley.pdf Graphic file (type QTm)
 <use  "figures/iomblikeley.pdf" >

LaTeX Warning: `!h' float specifier changed to `!ht'.

File: figures/iombrule.pdf Graphic file (type QTm)
<use  "figures/iombrule.pdf" >

LaTeX Warning: `!h' float specifier changed to `!ht'.

File: figures/fuzzyfis.pdf Graphic file (type QTm)
<use  "figures/fuzzyfis.pdf" >
File: figures/matlab.pdf Graphic file (type QTm)
 <use  "figures/matlab.pdf" >
Underfull \vbox (badness 1122) has occurred while \output is active []

 [19]

LaTeX Warning: `!h' float specifier changed to `!ht'.

[20]

LaTeX Warning: `!h' float specifier changed to `!ht'.

[21] [22]) [23]
\openout2 = `chapter/chap-sedna.aux'.

 (./chapter/chap-sedna.tex [24



]

File: figures/../figures/app.pdf Graphic file (type QTm)
<use  "figures/../figures/app.pdf" > [25]
Underfull \vbox (badness 10000) has occurred while \output is active []

 [26]
File: figures/../figures/gfsarch.pdf Graphic file (type QTm)

<use  "figures/../figures/gfsarch.pdf" > [27]
File: figures/../figures/avatarfb.pdf Graphic file (type QTm)

<use  "figures/../figures/avatarfb.pdf" > [28] [29]
File: figures/../figures/megastore.pdf Graphic file (type QTm)

<use  "figures/../figures/megastore.pdf" >
Underfull \vbox (badness 10000) has occurred while \output is active []

 [30]
File: figures/../figures/mp.pdf Graphic file (type QTm)

<use  "figures/../figures/mp.pdf" >

LaTeX Warning: `!h' float specifier changed to `!ht'.

File: figures/../figures/price2.pdf Graphic file (type QTm)
<use  "figures/../figures/price2.pdf" >

LaTeX Warning: `!h' float specifier changed to `!ht'.

[31]
File: figures/ramcloud.pdf Graphic file (type QTm)
 <use  "figures/ramcloud.pdf" >
Underfull \vbox (badness 10000) has occurred while \output is active []

 [32]
File: figures/ramcloudlog.pdf Graphic file (type QTm)

<use  "figures/ramcloudlog.pdf" > [33] [34]

LaTeX Warning: No positions in optional float specifier.
               Default added (so using `tbp') on input line 180.

[35]
File: figures/../figures/logic-structure2.pdf Graphic file (type QTm)
 <use  "figures/../figures/logic-structure2.pdf" >

LaTeX Warning: `!h' float specifier changed to `!ht'.

[36] [37]
File: figures/../figures/vnode.pdf Graphic file (type QTm)
 <use  "figures/../figures/vnode.pdf" > [38] [39] [40] [41]
File: figures/../figures/zkp.pdf Graphic file (type QTm)

<use  "figures/../figures/zkp.pdf" > [42]
Underfull \vbox (badness 10000) has occurred while \output is active []

 [43]
[44] [45]
File: figures/../figures/domino.pdf Graphic file (type QTm)
 <use  "figures/../figures/domino.pdf" > [46]
(/usr/local/texlive/2012/texmf-dist/tex/latex/listings/lstlang1.sty
File: lstlang1.sty 2004/09/05 1.3 listings language file
)
\g_fontspec_family_Adobe Fangsong Std_int=\count334
.................................................
. fontspec info: "defining-font"
. 
. Font family 'AdobeFangsongStd(0)' created for font 'Adobe Fangsong Std' with
. options
. [Ligatures=TeX,BoldFeatures={FakeBold={4.000000000}},BoldItalicFeatures={Fake
Bold={4.000000000}},BoldSlantedFeatures={FakeBold={4.000000000}},BoldFont={*},I
talicFont={*},BoldItalicFont={*},SlantedFont={*},BoldSlantedFont={*}].
. 
. This font family consists of the following shapes:
. 
. * 'normal' with NFSS spec.:
. <->"Adobe Fangsong Std/ICU:script=latn;language=DFLT;mapping=tex-text;"
. 
. * 'bold' with NFSS spec.:
. <->"Adobe Fangsong
. Std/ICU:script=latn;language=DFLT;mapping=tex-text;embolden=4.000000000;"
. 
. * 'italic' with NFSS spec.:
. <->"Adobe Fangsong Std/ICU:script=latn;language=DFLT;mapping=tex-text;"
. 
. * 'sl/' with NFSS spec.:
. <->"Adobe Fangsong Std/ICU:script=latn;language=DFLT;mapping=tex-text;"
. 
. * 'bold italic' with NFSS spec.:
. <->"Adobe Fangsong
. Std/ICU:script=latn;language=DFLT;mapping=tex-text;embolden=4.000000000;"
. 
. * 'sl/,FakeBold={4.000000000}' with NFSS spec.:
. <->"Adobe Fangsong
. Std/ICU:script=latn;language=DFLT;mapping=tex-text;embolden=4.000000000;"
.................................................
 [47]
Underfull \vbox (badness 10000) has occurred while \output is active []

 [48]
File: figures/../figures/compare_one_client_memcached_three.pdf Graphic file (t
ype QTm)

<use  "figures/../figures/compare_one_client_memcached_three.pdf" >
File: figures/../figures/compare_one_client_memcached_one.pdf Graphic file (typ
e QTm)

<use  "figures/../figures/compare_one_client_memcached_one.pdf" >

LaTeX Warning: `!h' float specifier changed to `!ht'.

[49] [50]
File: figures/../figures/sedna_one_client_nine_clients_compare.pdf Graphic file
 (type QTm)

<use  "figures/../figures/sedna_one_client_nine_clients_compare.pdf" >
File: figures/../figures/zklatency.pdf Graphic file (type QTm)

<use  "figures/../figures/zklatency.pdf" >

LaTeX Warning: `!h' float specifier changed to `!ht'.

File: figures/../figures/zkrlatency.pdf Graphic file (type QTm)
<use  "figures/../figures/zkrlatency.pdf" >

LaTeX Warning: `!h' float specifier changed to `!ht'.

File: figures/../figures/sedna_write_quiet_startup_compare_one_client.pdf Graph
ic file (type QTm)
<use  "figures/../figures/sedna_write_quiet_startup_compare_one_client.pdf" >

LaTeX Warning: `!h' float specifier changed to `!ht'.

[51] [52]) [53]
\openout2 = `chapter/chap-domino.aux'.

 (./chapter/chap-domino.tex [54



]

[55] [56]
File: figures/../figures/haloop.pdf Graphic file (type QTm)
 <use  "figures/../figures/haloop.pdf" >

LaTeX Warning: `!h' float specifier changed to `!ht'.

[57] [58]
File: figures/../figures/twister.pdf Graphic file (type QTm)
 <use  "figures/../figures/twister.pdf" > [59]

LaTeX Warning: No positions in optional float specifier.
               Default added (so using `tbp') on input line 68.

File: figures/../figures/twisterarch.pdf Graphic file (type QTm)
<use  "figures/../figures/twisterarch.pdf" > [60] [61]
File: figures/../figures/realtimep.pdf Graphic file (type QTm)

<use  "figures/../figures/realtimep.pdf" >

LaTeX Warning: `!h' float specifier changed to `!ht'.

[62] [63] [64] [65] [66]
File: figures/../figures/bigtable.pdf Graphic file (type QTm)
 <use  "figures/../figures/bigtable.pdf" >

LaTeX Warning: `!h' float specifier changed to `!ht'.

[67]
Overfull \hbox (2.00833pt too wide) in paragraph at lines 171--203
[][] [] 
 []

[68] [69]

LaTeX Warning: Reference `section:io' on page 70 undefined on input line 217.

[70] [71]
File: figures/../figures/multiv.pdf Graphic file (type QTm)
 <use  "figures/../figures/multiv.pdf" >

LaTeX Warning: `!h' float specifier changed to `!ht'.

[72] [73]
Underfull \vbox (badness 1264) has occurred while \output is active []

 [74]
File: figures/arch1.pdf Graphic file (type QTm)

<use  "figures/arch1.pdf" >
File: figures/../figures/arch.pdf Graphic file (type QTm)
 <use  "figures/../figures/arch.pdf" >

LaTeX Warning: `!h' float specifier changed to `!ht'.

[75] (/usr/local/texlive/2012/texmf-dist/tex/latex/listings/lstlang1.sty
File: lstlang1.sty 2004/09/05 1.3 listings language file
)
(/usr/local/texlive/2012/texmf-dist/tex/latex/listings/lstlang1.sty
File: lstlang1.sty 2004/09/05 1.3 listings language file
) [76]
[77]
Overfull \hbox (30.95601pt too wide) in paragraph at lines 324--325
[]\EU1/TimesNewRoman(0)/m/n/12.05 Domino \EU1/STSong(0)/m/n/12.05    
       \EU1/TimesNewRoman(0)/m/n/12.05 HBase \EU1/STSong(0)
/m/n/12.05       |     $\OML/cmm/m/it/12.05
 TriggerWorker$
 []


LaTeX Warning: No positions in optional float specifier.
               Default added (so using `tbp') on input line 326.

File: figures/../figures/queue.pdf Graphic file (type QTm)
<use  "figures/../figures/queue.pdf" > [78] [79] [80] [81] [82] [83] [84]
[85]

LaTeX Warning: No positions in optional float specifier.
               Default added (so using `htbp') on input line 472.


Overfull \hbox (24.1pt too wide) detected at line 484
[][] 
 []


Overfull \hbox (24.1pt too wide) detected at line 517
[][] 
 []

[86] [87]

LaTeX Warning: No positions in optional float specifier.
               Default added (so using `tbp') on input line 553.


Package hyperref Warning: Token not allowed in a PDF string (Unicode):
(hyperref)                removing `math shift' on input line 572.


Package hyperref Warning: Token not allowed in a PDF string (Unicode):
(hyperref)                removing `math shift' on input line 572.


Underfull \vbox (badness 10000) has occurred while \output is active []

 [88]
Overfull \hbox (11.78621pt too wide) in paragraph at lines 585--586
[]\EU1/STSong(0)/m/n/12.05        \EU1/TimesNewRoman(0)/m/
n/12.05 (\EU1/TimesNewRoman(0)/m/it/12.05 CentralTrigger\EU1/TimesNewRoman(0)/m
/n/12.05 ) \EU1/STSong(0)/m/n/12.05     \EU1/TimesNewRoman(0)/m/it/
12.05 cluster-table \EU1/STSong(0)/m/n/12.05    \EU1/TimesNewRoman(0)/
m/it/12.05 centroids:value\EU1/STSong(0)/m/n/12.05 | 
 []

[89] [90]
File: figures/data.pdf Graphic file (type QTm)
 <use  "figures/data.pdf" >
File: figures/gnuplot/cmphbase.eps Graphic file (type eps)
 <figures/gnuplot/cmphbase.eps>

LaTeX Warning: `!h' float specifier changed to `!ht'.

File: figures/gnuplot/cmphbaseouttrigger.eps Graphic file (type eps)
<figures/gnuplot/cmphbaseouttrigger.eps>

LaTeX Warning: `!h' float specifier changed to `!ht'.


Package natbib Warning: Citation `hbaseperfeval' on page 91 undefined on input 
line 630.

[91] [92]
File: figures/gnuplot/scalemachine.eps Graphic file (type eps)
 <figures/gnuplot/scalemachine.eps>
File: figures/gnuplot/scaledata.eps Graphic file (type eps)
 <figures/gnuplot/scaledata.eps>

LaTeX Warning: `!h' float specifier changed to `!ht'.

[93]
File: figures/gnuplot/cmpmapreduce.eps Graphic file (type eps)
 <figures/gnuplot/cmpmapreduce.eps>

LaTeX Warning: `!h' float specifier changed to `!ht'.


LaTeX Warning: Reference `sped' on page 94 undefined on input line 668.

[94]
File: figures/gnuplot/increpr.eps Graphic file (type eps)
 <figures/gnuplot/increpr.eps>

LaTeX Warning: `!h' float specifier changed to `!ht'.

[95]) [96]
\openout2 = `chapter/chap-conclusion.aux'.

 (./chapter/chap-conclusion.tex

[97



]) [98] (./main.bbl [99



]
Overfull \hbox (61.32732pt too wide) in paragraph at lines 172--176
[]\EU1/TimesNewRoman(0)/m/n/9 Murthy A C.  Speeding up Hadoop. http://developer
.yahoo.com/blogs/ydn/posts/2009/09/hadoop_summit_speeding_up_hadoop. 
 []

[100] [101] [102] [103]) [104]
\openout2 = `chapter/chap-appendix.aux'.

 (./chapter/chap-appendix.tex [105

] [106]
[107]) [108]
\openout2 = `chapter/thanks.aux'.

 (./chapter/thanks.tex

Package hyperref Warning: Token not allowed in a PDF string (Unicode):
(hyperref)                removing `math shift' on input line 2.


Package hyperref Warning: Token not allowed in a PDF string (Unicode):
(hyperref)                \hskip 12.05pt
(hyperref)                replaced by space on input line 2.


Package hyperref Warning: Token not allowed in a PDF string (Unicode):
(hyperref)                removing `math shift' on input line 2.

) [109



]
\openout2 = `chapter/pub.aux'.

 (./chapter/pub.tex [110



]
Overfull \hbox (11.58698pt too wide) in paragraph at lines 10--11
[][] 
 []


Overfull \hbox (11.58698pt too wide) in paragraph at lines 17--18
[][] 
 []


Overfull \hbox (11.58698pt too wide) in paragraph at lines 23--24
[][] 
 []


Overfull \hbox (11.58698pt too wide) in paragraph at lines 29--30
[][] 
 []


Overfull \hbox (11.58698pt too wide) in paragraph at lines 36--37
[][] 
 []


Overfull \hbox (11.58698pt too wide) in paragraph at lines 42--43
[][] 
 []


Overfull \hbox (11.58698pt too wide) in paragraph at lines 49--50
[][] 
 []


Overfull \hbox (11.58698pt too wide) in paragraph at lines 56--57
[][] 
 []

[111]
Overfull \hbox (11.58698pt too wide) in paragraph at lines 67--68
[][] 
 []


Overfull \hbox (11.58698pt too wide) in paragraph at lines 77--78
[][] 
 []


Overfull \hbox (11.58698pt too wide) in paragraph at lines 86--87
[][] 
 []

)
Overfull \hbox (11.58698pt too wide) in paragraph at lines 91--132
[][]
 []

[112]

Package natbib Warning: There were undefined citations.

Package atveryend Info: Empty hook `BeforeClearDocument' on input line 134.
Package atveryend Info: Empty hook `AfterLastShipout' on input line 134.
(./main.aux (./chapter/abstract.aux) (./chapter/chap-intro.aux)
(./chapter/chap-hadoop.aux) (./chapter/chap-sedna.aux)
(./chapter/chap-domino.aux) (./chapter/chap-conclusion.aux)
(./chapter/chap-appendix.aux) (./chapter/thanks.aux) (./chapter/pub.aux))
Package atveryend Info: Empty hook `AtVeryEndDocument' on input line 134.
Package atveryend Info: Empty hook `AtEndAfterFileList' on input line 134.


LaTeX Font Warning: Some font shapes were not available, defaults substituted.


LaTeX Warning: There were undefined references.

 ) 
Here is how much of TeX's memory you used:
 29214 strings out of 494004
 550904 string characters out of 3150890
 730225 words of memory out of 3000000
 31822 multiletter control sequences out of 15000+200000
 37782 words of font info for 212 fonts, out of 3000000 for 9000
 1144 hyphenation exceptions out of 8191
 62i,16n,50p,1575b,2136s stack positions out of 5000i,500n,10000p,200000b,50000s

Output written on main.pdf (132 pages).
